<?xml version="1.0" encoding="UTF-8"?>
<testsuite name="kopo.delivery.StoreMenuTest" tests="1" skipped="0" failures="0" errors="0" timestamp="2024-10-17T04:33:21" hostname="DESKTOP-LDD4AU9" time="1.105">
  <properties/>
  <testcase name="store테이블과 Menu테이블 조인" classname="kopo.delivery.StoreMenuTest" time="1.105"/>
  <system-out><![CDATA[Standard Commons Logging discovery in action with spring-jcl: please remove commons-logging.jar from classpath in order to avoid potential conflicts
13:33:17.886 [Test worker] INFO org.springframework.test.context.support.AnnotationConfigContextLoaderUtils -- Could not detect default configuration classes for test class [kopo.delivery.StoreMenuTest]: StoreMenuTest does not declare any static, non-private, non-final, nested classes annotated with @Configuration.
13:33:17.964 [Test worker] INFO org.springframework.boot.test.context.SpringBootTestContextBootstrapper -- Found @SpringBootConfiguration kopo.delivery.DeliveryApplication for test class kopo.delivery.StoreMenuTest

  .   ____          _            __ _ _
 /\\ / ___'_ __ _ _(_)_ __  __ _ \ \ \ \
( ( )\___ | '_ | '_| | '_ \/ _` | \ \ \ \
 \\/  ___)| |_)| | | | | || (_| |  ) ) ) )
  '  |____| .__|_| |_|_| |_\__, | / / / /
 =========|_|==============|___/=/_/_/_/

 :: Spring Boot ::                (v3.3.3)

2024-10-17T13:33:18.222+09:00  INFO 14832 --- [delivery] [    Test worker] kopo.delivery.StoreMenuTest              : Starting StoreMenuTest using Java 17.0.12 with PID 14832 (started by User in C:\Lecture\delivery\delivery)
2024-10-17T13:33:18.222+09:00  INFO 14832 --- [delivery] [    Test worker] kopo.delivery.StoreMenuTest              : No active profile set, falling back to 1 default profile: "default"
2024-10-17T13:33:18.705+09:00  INFO 14832 --- [delivery] [    Test worker] .s.d.r.c.RepositoryConfigurationDelegate : Bootstrapping Spring Data JPA repositories in DEFAULT mode.
2024-10-17T13:33:18.752+09:00  INFO 14832 --- [delivery] [    Test worker] .s.d.r.c.RepositoryConfigurationDelegate : Finished Spring Data repository scanning in 41 ms. Found 3 JPA repository interfaces.
2024-10-17T13:33:19.098+09:00  INFO 14832 --- [delivery] [    Test worker] o.hibernate.jpa.internal.util.LogHelper  : HHH000204: Processing PersistenceUnitInfo [name: default]
2024-10-17T13:33:19.129+09:00  INFO 14832 --- [delivery] [    Test worker] org.hibernate.Version                    : HHH000412: Hibernate ORM core version 6.5.2.Final
2024-10-17T13:33:19.160+09:00  INFO 14832 --- [delivery] [    Test worker] o.h.c.internal.RegionFactoryInitiator    : HHH000026: Second-level cache disabled
2024-10-17T13:33:19.379+09:00  INFO 14832 --- [delivery] [    Test worker] o.s.o.j.p.SpringPersistenceUnitInfo      : No LoadTimeWeaver setup: ignoring JPA class transformer
2024-10-17T13:33:19.395+09:00  INFO 14832 --- [delivery] [    Test worker] com.zaxxer.hikari.HikariDataSource       : HikariPool-1 - Starting...
2024-10-17T13:33:19.520+09:00  INFO 14832 --- [delivery] [    Test worker] com.zaxxer.hikari.pool.HikariPool        : HikariPool-1 - Added connection com.mysql.cj.jdbc.ConnectionImpl@2fa212df
2024-10-17T13:33:19.520+09:00  INFO 14832 --- [delivery] [    Test worker] com.zaxxer.hikari.HikariDataSource       : HikariPool-1 - Start completed.
2024-10-17T13:33:19.567+09:00  WARN 14832 --- [delivery] [    Test worker] org.hibernate.orm.deprecation            : HHH90000025: MySQLDialect does not need to be specified explicitly using 'hibernate.dialect' (remove the property setting and it will be selected by default)
2024-10-17T13:33:20.115+09:00  INFO 14832 --- [delivery] [    Test worker] o.h.e.t.j.p.i.JtaPlatformInitiator       : HHH000489: No JTA platform available (set 'hibernate.transaction.jta.platform' to enable JTA platform integration)
2024-10-17T13:33:20.265+09:00  INFO 14832 --- [delivery] [    Test worker] j.LocalContainerEntityManagerFactoryBean : Initialized JPA EntityManagerFactory for persistence unit 'default'
2024-10-17T13:33:20.594+09:00  WARN 14832 --- [delivery] [    Test worker] JpaBaseConfiguration$JpaWebConfiguration : spring.jpa.open-in-view is enabled by default. Therefore, database queries may be performed during view rendering. Explicitly configure spring.jpa.open-in-view to disable this warning
2024-10-17T13:33:20.626+09:00  INFO 14832 --- [delivery] [    Test worker] o.s.b.a.w.s.WelcomePageHandlerMapping    : Adding welcome page template: index
2024-10-17T13:33:21.147+09:00  INFO 14832 --- [delivery] [    Test worker] kopo.delivery.StoreMenuTest              : Started StoreMenuTest in 3.068 seconds (process running for 3.868)
Store Name: Sample Store
Menu Name: Burger
Menu Amount: 10
URL: http://example.com/burger
Store Name: Sample Store
Menu Name: Pizza
Menu Amount: 20
URL: http://example.com/pizza
]]></system-out>
  <system-err><![CDATA[]]></system-err>
</testsuite>
