<?xml version="1.0" encoding="UTF-8"?>
<testsuite name="kopo.delivery.StoreMenuTest" tests="1" skipped="0" failures="1" errors="0" timestamp="2024-11-05T06:42:44" hostname="DESKTOP-LDD4AU9" time="1.242">
  <properties/>
  <testcase name="groupingby" classname="kopo.delivery.StoreMenuTest" time="1.242">
    <failure message="java.lang.NullPointerException: Cannot invoke &quot;kopo.delivery.entity.StoreMenu.getId()&quot; because the return value of &quot;kopo.delivery.entity.Cart.getMenu()&quot; is null" type="java.lang.NullPointerException">java.lang.NullPointerException: Cannot invoke &quot;kopo.delivery.entity.StoreMenu.getId()&quot; because the return value of &quot;kopo.delivery.entity.Cart.getMenu()&quot; is null
	at kopo.delivery.StoreMenuTest.lambda$test2$1(StoreMenuTest.java:85)
	at java.base/java.util.stream.Collectors.lambda$groupingBy$53(Collectors.java:1142)
	at java.base/java.util.stream.ReduceOps$3ReducingSink.accept(ReduceOps.java:169)
	at java.base/java.util.Spliterators$ArraySpliterator.forEachRemaining(Spliterators.java:992)
	at java.base/java.util.stream.AbstractPipeline.copyInto(AbstractPipeline.java:509)
	at java.base/java.util.stream.AbstractPipeline.wrapAndCopyInto(AbstractPipeline.java:499)
	at java.base/java.util.stream.ReduceOps$ReduceOp.evaluateSequential(ReduceOps.java:921)
	at java.base/java.util.stream.AbstractPipeline.evaluate(AbstractPipeline.java:234)
	at java.base/java.util.stream.ReferencePipeline.collect(ReferencePipeline.java:682)
	at kopo.delivery.StoreMenuTest.test2(StoreMenuTest.java:84)
	at java.base/java.lang.reflect.Method.invoke(Method.java:568)
	at java.base/java.util.ArrayList.forEach(ArrayList.java:1511)
	at java.base/java.util.ArrayList.forEach(ArrayList.java:1511)
</failure>
  </testcase>
  <system-out><![CDATA[Standard Commons Logging discovery in action with spring-jcl: please remove commons-logging.jar from classpath in order to avoid potential conflicts
15:42:34.193 [Test worker] INFO org.springframework.test.context.support.AnnotationConfigContextLoaderUtils -- Could not detect default configuration classes for test class [kopo.delivery.StoreMenuTest]: StoreMenuTest does not declare any static, non-private, non-final, nested classes annotated with @Configuration.
15:42:34.277 [Test worker] INFO org.springframework.boot.test.context.SpringBootTestContextBootstrapper -- Found @SpringBootConfiguration kopo.delivery.DeliveryApplication for test class kopo.delivery.StoreMenuTest

  .   ____          _            __ _ _
 /\\ / ___'_ __ _ _(_)_ __  __ _ \ \ \ \
( ( )\___ | '_ | '_| | '_ \/ _` | \ \ \ \
 \\/  ___)| |_)| | | | | || (_| |  ) ) ) )
  '  |____| .__|_| |_|_| |_\__, | / / / /
 =========|_|==============|___/=/_/_/_/

 :: Spring Boot ::                (v3.3.3)

2024-11-05T15:42:34.523+09:00  INFO 5180 --- [delivery] [    Test worker] kopo.delivery.StoreMenuTest              : Starting StoreMenuTest using Java 17.0.12 with PID 5180 (started by User in C:\Lecture\delivery\delivery)
2024-11-05T15:42:34.524+09:00  INFO 5180 --- [delivery] [    Test worker] kopo.delivery.StoreMenuTest              : No active profile set, falling back to 1 default profile: "default"
2024-11-05T15:42:35.018+09:00  INFO 5180 --- [delivery] [    Test worker] .s.d.r.c.RepositoryConfigurationDelegate : Bootstrapping Spring Data JPA repositories in DEFAULT mode.
2024-11-05T15:42:35.065+09:00  INFO 5180 --- [delivery] [    Test worker] .s.d.r.c.RepositoryConfigurationDelegate : Finished Spring Data repository scanning in 39 ms. Found 6 JPA repository interfaces.
2024-11-05T15:42:35.420+09:00  INFO 5180 --- [delivery] [    Test worker] o.hibernate.jpa.internal.util.LogHelper  : HHH000204: Processing PersistenceUnitInfo [name: default]
2024-11-05T15:42:35.459+09:00  INFO 5180 --- [delivery] [    Test worker] org.hibernate.Version                    : HHH000412: Hibernate ORM core version 6.5.2.Final
2024-11-05T15:42:35.483+09:00  INFO 5180 --- [delivery] [    Test worker] o.h.c.internal.RegionFactoryInitiator    : HHH000026: Second-level cache disabled
2024-11-05T15:42:35.726+09:00  INFO 5180 --- [delivery] [    Test worker] o.s.o.j.p.SpringPersistenceUnitInfo      : No LoadTimeWeaver setup: ignoring JPA class transformer
2024-11-05T15:42:35.744+09:00  INFO 5180 --- [delivery] [    Test worker] com.zaxxer.hikari.HikariDataSource       : HikariPool-1 - Starting...
2024-11-05T15:42:38.131+09:00  INFO 5180 --- [delivery] [    Test worker] com.zaxxer.hikari.pool.HikariPool        : HikariPool-1 - Added connection com.mysql.cj.jdbc.ConnectionImpl@67c0c90b
2024-11-05T15:42:38.135+09:00  INFO 5180 --- [delivery] [    Test worker] com.zaxxer.hikari.HikariDataSource       : HikariPool-1 - Start completed.
2024-11-05T15:42:38.660+09:00  WARN 5180 --- [delivery] [    Test worker] org.hibernate.orm.deprecation            : HHH90000025: MySQLDialect does not need to be specified explicitly using 'hibernate.dialect' (remove the property setting and it will be selected by default)
2024-11-05T15:42:39.248+09:00  INFO 5180 --- [delivery] [    Test worker] o.h.e.t.j.p.i.JtaPlatformInitiator       : HHH000489: No JTA platform available (set 'hibernate.transaction.jta.platform' to enable JTA platform integration)
2024-11-05T15:42:43.518+09:00  INFO 5180 --- [delivery] [    Test worker] j.LocalContainerEntityManagerFactoryBean : Initialized JPA EntityManagerFactory for persistence unit 'default'
2024-11-05T15:42:43.970+09:00  WARN 5180 --- [delivery] [    Test worker] JpaBaseConfiguration$JpaWebConfiguration : spring.jpa.open-in-view is enabled by default. Therefore, database queries may be performed during view rendering. Explicitly configure spring.jpa.open-in-view to disable this warning
2024-11-05T15:42:44.189+09:00  INFO 5180 --- [delivery] [    Test worker] o.s.b.a.w.s.WelcomePageHandlerMapping    : Adding welcome page template: index
2024-11-05T15:42:44.538+09:00  INFO 5180 --- [delivery] [    Test worker] o.s.m.s.b.SimpleBrokerMessageHandler     : Starting...
2024-11-05T15:42:44.539+09:00  INFO 5180 --- [delivery] [    Test worker] o.s.m.s.b.SimpleBrokerMessageHandler     : BrokerAvailabilityEvent[available=true, SimpleBrokerMessageHandler [org.springframework.messaging.simp.broker.DefaultSubscriptionRegistry@159e9629]]
2024-11-05T15:42:44.540+09:00  INFO 5180 --- [delivery] [    Test worker] o.s.m.s.b.SimpleBrokerMessageHandler     : Started.
2024-11-05T15:42:44.554+09:00  INFO 5180 --- [delivery] [    Test worker] kopo.delivery.StoreMenuTest              : Started StoreMenuTest in 10.177 seconds (process running for 10.98)
]]></system-out>
  <system-err><![CDATA[]]></system-err>
</testsuite>
